<?xml version="1.0" encoding="UTF-8"?>
<testsuite xmlns:xsi="http://www.w3.org/2001/XMLSchema-instance" xsi:noNamespaceSchemaLocation="https://maven.apache.org/surefire/maven-surefire-plugin/xsd/surefire-test-report.xsd" name="ru.netology.cloudservice.repository.FileRepositoryTest" time="13.325" tests="5" errors="0" skipped="0" failures="0">
  <properties>
[...]
</properties>
  <testcase name="deleteFile_thenAssertDmlCount" classname="ru.netology.cloudservice.repository.FileRepositoryTest" time="0.775"/>
  <testcase name="downloadFile_thenAssertDmlCount" classname="ru.netology.cloudservice.repository.FileRepositoryTest" time="0.207"/>
  <testcase name="updateFile_thenAssertDmlCount" classname="ru.netology.cloudservice.repository.FileRepositoryTest" time="0.25"/>
  <testcase name="getAllFiles_thenAssertDmlCount" classname="ru.netology.cloudservice.repository.FileRepositoryTest" time="0.316"/>
  <testcase name="insertFile_thenAssertDmlCount" classname="ru.netology.cloudservice.repository.FileRepositoryTest" time="0.163"/>
</testsuite>